
> travel-safe-landing-page@0.0.0 dev
> next dev

 ⚠ Port 3000 is in use, using available port 3007 instead.
   ▲ Next.js 15.3.2
   - Local:        http://localhost:3007
   - Network:      http://10.0.0.68:3007
   - Environments: .env.local

 ✓ Starting...
 ✓ Ready in 1270ms
 ○ Compiling /[[...slug]] ...
Browserslist: browsers data (caniuse-lite) is 8 months old. Please run:
  npx update-browserslist-db@latest
  Why you should do it regularly: https://github.com/browserslist/update-db#readme
 ✓ Compiled /[[...slug]] in 3.5s (3496 modules)
 ✓ Compiled in 181ms (1731 modules)
 GET / 200 in 4110ms
 GET /pattern-dots.svg 200 in 25ms
 ✓ Compiled in 1035ms (3496 modules)
 GET / 200 in 71ms
 GET /pattern-dots.svg 200 in 107ms
 ✓ Compiled in 942ms (3496 modules)
 GET / 200 in 75ms
 ✓ Compiled in 758ms (3496 modules)
 GET / 200 in 59ms
 GET /pattern-dots.svg 200 in 225ms
 GET /pattern-dots.svg 200 in 72ms
 GET / 200 in 32ms
 GET /pattern-dots.svg 200 in 19ms
 ✓ Compiled in 706ms (3496 modules)
 GET / 200 in 326ms
 GET /_next/static/webpack/49cb60f9b9677d1e.webpack.hot-update.json 200 in 557ms
 ⚠ Fast Refresh had to perform a full reload. Read more: https://nextjs.org/docs/messages/fast-refresh-reload
 GET / 200 in 64ms
 GET / 200 in 118ms
 GET /pattern-dots.svg 200 in 34ms
 ✓ Compiled in 975ms (3496 modules)
 GET / 200 in 327ms
 GET /_next/static/webpack/ec8fd96e5cb90e6c.webpack.hot-update.json 200 in 597ms
 ⚠ Fast Refresh had to perform a full reload. Read more: https://nextjs.org/docs/messages/fast-refresh-reload
 GET / 200 in 43ms
 GET /pattern-dots.svg 200 in 59ms
 GET / 200 in 165ms
 GET /pattern-dots.svg 200 in 39ms
 ✓ Compiled in 861ms (3496 modules)
 GET / 200 in 213ms
 GET /_next/static/webpack/da95c7ff15ae8f6d.webpack.hot-update.json 200 in 457ms
 ⚠ Fast Refresh had to perform a full reload. Read more: https://nextjs.org/docs/messages/fast-refresh-reload
 GET / 200 in 22ms
 GET /pattern-dots.svg 200 in 59ms
 GET / 200 in 46ms
 GET /pattern-dots.svg 200 in 16ms
 ✓ Compiled in 549ms (3496 modules)
 GET / 200 in 249ms
 GET /_next/static/webpack/193e62703f61026c.webpack.hot-update.json 200 in 439ms
 ⚠ Fast Refresh had to perform a full reload. Read more: https://nextjs.org/docs/messages/fast-refresh-reload
 GET / 200 in 22ms
 GET /pattern-dots.svg 200 in 55ms
 GET / 200 in 57ms
 GET /pattern-dots.svg 200 in 32ms
 GET /pattern-dots.svg 200 in 17ms
 ✓ Compiled in 715ms (3496 modules)
 GET /_next/static/webpack/6b723facc26659fa.webpack.hot-update.json 200 in 75ms
 ⚠ Fast Refresh had to perform a full reload. Read more: https://nextjs.org/docs/messages/fast-refresh-reload
 GET / 200 in 121ms
 GET / 200 in 45ms
 GET / 200 in 90ms
 GET /pattern-dots.svg 200 in 17ms
 ✓ Compiled in 555ms (3496 modules)
 GET / 200 in 79ms
 GET / 200 in 105ms
 GET /_next/static/webpack/1af9fddffbc4ae63.webpack.hot-update.json 200 in 108ms
 GET /pattern-dots.svg 200 in 96ms
 ⚠ Fast Refresh had to perform a full reload. Read more: https://nextjs.org/docs/messages/fast-refresh-reload
 GET / 200 in 19ms
 GET /pattern-dots.svg 200 in 15ms
 ✓ Compiled in 414ms (3496 modules)
 GET / 200 in 73ms
 GET / 200 in 187ms
 GET /pattern-dots.svg 200 in 180ms
 GET /pattern-dots.svg 200 in 68ms
<w> [webpack.cache.PackFileCacheStrategy] Caching failed for pack: Error: ENOENT: no such file or directory, rename '/Users/silin/Desktop/Final/.next/cache/webpack/server-development/9.pack.gz_' -> '/Users/silin/Desktop/Final/.next/cache/webpack/server-development/9.pack.gz'
<w> [webpack.cache.PackFileCacheStrategy] Caching failed for pack: Error: ENOENT: no such file or directory, rename '/Users/silin/Desktop/Final/.next/cache/webpack/client-development/0.pack.gz_' -> '/Users/silin/Desktop/Final/.next/cache/webpack/client-development/0.pack.gz'
 ✓ Compiled in 488ms (3496 modules)
 GET / 200 in 412ms
 GET / 200 in 74ms
 ✓ Compiled in 317ms (3496 modules)
 GET / 200 in 56ms
 GET / 200 in 114ms
 GET /pattern-dots.svg 200 in 106ms
 GET /pattern-dots.svg 200 in 38ms
 GET /pattern-dots.svg 200 in 51ms
 ✓ Compiled in 630ms (3496 modules)
 GET / 200 in 306ms
 GET / 200 in 32ms
 GET /pattern-dots.svg 200 in 100ms
 GET /pattern-dots.svg 200 in 26ms
 ✓ Compiled in 483ms (3496 modules)
 GET / 200 in 167ms
 GET / 200 in 267ms
 GET /pattern-dots.svg 200 in 270ms
 GET /pattern-dots.svg 200 in 35ms
 GET / 200 in 43ms
 GET /pattern-dots.svg 200 in 19ms
 ✓ Compiled in 1048ms (3496 modules)
 GET / 200 in 55ms
 GET / 200 in 84ms
 GET /_next/static/webpack/ec22bd110fc957e0.webpack.hot-update.json 200 in 91ms
 ⚠ Fast Refresh had to perform a full reload. Read more: https://nextjs.org/docs/messages/fast-refresh-reload
 GET /pattern-dots.svg 200 in 60ms
 GET / 200 in 42ms
 GET / 200 in 37ms
 GET /pattern-dots.svg 200 in 17ms
 ✓ Compiled in 512ms (3496 modules)
 GET / 200 in 218ms
 GET /_next/static/webpack/df31e9edd50af2dc.webpack.hot-update.json 200 in 199ms
 ⚠ Fast Refresh had to perform a full reload. Read more: https://nextjs.org/docs/messages/fast-refresh-reload
 GET / 200 in 159ms
 GET /pattern-dots.svg 200 in 143ms
 GET / 200 in 161ms
 GET /pattern-dots.svg 200 in 18ms
 GET /pattern-dots.svg 200 in 38ms
<w> [webpack.cache.PackFileCacheStrategy] Caching failed for pack: Error: ENOENT: no such file or directory, rename '/Users/silin/Desktop/Final/.next/cache/webpack/client-development/0.pack.gz_' -> '/Users/silin/Desktop/Final/.next/cache/webpack/client-development/0.pack.gz'
 ✓ Compiled in 750ms (3496 modules)
 GET / 200 in 139ms
 GET /_next/static/webpack/d469dda529fa32ac.webpack.hot-update.json 200 in 107ms
 ⚠ Fast Refresh had to perform a full reload. Read more: https://nextjs.org/docs/messages/fast-refresh-reload
 GET / 200 in 31ms
 GET / 200 in 85ms
 GET /pattern-dots.svg 200 in 23ms
 ✓ Compiled in 367ms (3496 modules)
 GET / 200 in 68ms
 GET / 200 in 68ms
 GET /_next/static/webpack/fb4e2d6c2398248e.webpack.hot-update.json 200 in 72ms
 ⚠ Fast Refresh had to perform a full reload. Read more: https://nextjs.org/docs/messages/fast-refresh-reload
 GET /pattern-dots.svg 200 in 68ms
 GET / 200 in 51ms
 GET /pattern-dots.svg 200 in 18ms
 ✓ Compiled in 416ms (3496 modules)
 GET / 200 in 317ms
 GET /_next/static/webpack/7b84f883fc4cbe60.webpack.hot-update.json 200 in 300ms
 ⚠ Fast Refresh had to perform a full reload. Read more: https://nextjs.org/docs/messages/fast-refresh-reload
 GET / 200 in 50ms
 GET /pattern-dots.svg 200 in 71ms
 GET / 200 in 114ms
 GET /pattern-dots.svg 200 in 17ms
 ✓ Compiled in 433ms (3496 modules)
 GET / 200 in 147ms
 GET /_next/static/webpack/ceaf06b239da441c.webpack.hot-update.json 200 in 151ms
 ⚠ Fast Refresh had to perform a full reload. Read more: https://nextjs.org/docs/messages/fast-refresh-reload
 GET / 200 in 147ms
 GET /pattern-dots.svg 200 in 190ms
 GET / 200 in 320ms
 GET /pattern-dots.svg 200 in 56ms
<w> [webpack.cache.PackFileCacheStrategy] Caching failed for pack: Error: ENOENT: no such file or directory, rename '/Users/silin/Desktop/Final/.next/cache/webpack/client-development/0.pack.gz_' -> '/Users/silin/Desktop/Final/.next/cache/webpack/client-development/0.pack.gz'
 ✓ Compiled in 865ms (3496 modules)
 GET / 200 in 73ms
 GET /_next/static/webpack/0ab22448b6db9495.webpack.hot-update.json 200 in 86ms
 ⚠ Fast Refresh had to perform a full reload. Read more: https://nextjs.org/docs/messages/fast-refresh-reload
 GET / 200 in 108ms
 GET / 200 in 103ms
 GET /pattern-dots.svg 200 in 20ms
 ✓ Compiled in 817ms (3496 modules)
 GET / 200 in 289ms
 GET /_next/static/webpack/d87d21230105691e.webpack.hot-update.json 200 in 591ms
 ⚠ Fast Refresh had to perform a full reload. Read more: https://nextjs.org/docs/messages/fast-refresh-reload
 GET / 200 in 31ms
 GET /pattern-dots.svg 200 in 61ms
 GET / 200 in 66ms
 GET /pattern-dots.svg 200 in 36ms
 GET /pattern-dots.svg 200 in 20ms
 ✓ Compiled in 807ms (3496 modules)
 GET / 200 in 161ms
 GET /_next/static/webpack/160b70eae3a880bc.webpack.hot-update.json 200 in 138ms
 ⚠ Fast Refresh had to perform a full reload. Read more: https://nextjs.org/docs/messages/fast-refresh-reload
 GET / 200 in 71ms
 GET / 200 in 154ms
 GET /pattern-dots.svg 200 in 66ms
 GET /pattern-dots.svg 200 in 22ms
 ✓ Compiled in 385ms (3496 modules)
 GET / 200 in 52ms
 GET / 200 in 34ms
 GET /_next/static/webpack/0222e49b52ff21b6.webpack.hot-update.json 200 in 111ms
 ⚠ Fast Refresh had to perform a full reload. Read more: https://nextjs.org/docs/messages/fast-refresh-reload
 GET / 200 in 73ms
 GET /pattern-dots.svg 200 in 18ms
 ✓ Compiled in 719ms (3496 modules)
 GET / 200 in 93ms
 GET / 200 in 168ms
 GET /pattern-dots.svg 200 in 165ms
 GET /_next/static/webpack/12a8f0243f018e23.webpack.hot-update.json 200 in 175ms
 ⚠ Fast Refresh had to perform a full reload. Read more: https://nextjs.org/docs/messages/fast-refresh-reload
 GET / 200 in 21ms
 GET /pattern-dots.svg 200 in 16ms
 ✓ Compiled in 750ms (3496 modules)
 GET / 200 in 104ms
 GET / 200 in 30ms
 GET /pattern-dots.svg 200 in 147ms
 GET /pattern-dots.svg 200 in 202ms
 ✓ Compiled in 948ms (3496 modules)
 GET / 200 in 116ms
 GET / 200 in 16ms
 GET /pattern-dots.svg 200 in 131ms
 GET /pattern-dots.svg 200 in 89ms
<w> [webpack.cache.PackFileCacheStrategy] Caching failed for pack: Error: ENOENT: no such file or directory, rename '/Users/silin/Desktop/Final/.next/cache/webpack/client-development/0.pack.gz_' -> '/Users/silin/Desktop/Final/.next/cache/webpack/client-development/0.pack.gz'
 ✓ Compiled in 811ms (3496 modules)
 ⨯ SyntaxError: Unexpected non-whitespace character after JSON at position 388 (line 20 column 2)
    at JSON.parse (<anonymous>) {
  page: '/'
}
 ○ Compiling /_error ...
 ✓ Compiled /_error in 1342ms (3813 modules)
 GET / 500 in 2124ms
 GET / 200 in 907ms
 GET / 200 in 64ms
 GET / 200 in 47ms
 GET / 200 in 131ms
 GET / 200 in 22ms
 GET / 200 in 73ms
 GET /pattern-dots.svg 200 in 56ms
<w> [webpack.cache.PackFileCacheStrategy] Caching failed for pack: Error: ENOENT: no such file or directory, rename '/Users/silin/Desktop/Final/.next/cache/webpack/server-development/0.pack.gz_' -> '/Users/silin/Desktop/Final/.next/cache/webpack/server-development/0.pack.gz'
 GET /pattern-dots.svg 200 in 20ms
<w> [webpack.cache.PackFileCacheStrategy] Caching failed for pack: Error: ENOENT: no such file or directory, rename '/Users/silin/Desktop/Final/.next/cache/webpack/client-development/0.pack.gz_' -> '/Users/silin/Desktop/Final/.next/cache/webpack/client-development/0.pack.gz'
 ✓ Compiled in 948ms (3827 modules)
 GET / 200 in 152ms
 GET / 200 in 111ms
 GET /_next/static/webpack/1db8f8508a5aa329.webpack.hot-update.json 200 in 121ms
 ⚠ Fast Refresh had to perform a full reload. Read more: https://nextjs.org/docs/messages/fast-refresh-reload
 GET /pattern-dots.svg 200 in 306ms
 GET / 200 in 310ms
 GET /pattern-dots.svg 200 in 17ms
 ✓ Compiled in 945ms (3827 modules)
 GET / 200 in 74ms
 GET / 200 in 20ms
 GET /_next/static/webpack/6abc1dc80d9da941.webpack.hot-update.json 200 in 73ms
 ⚠ Fast Refresh had to perform a full reload. Read more: https://nextjs.org/docs/messages/fast-refresh-reload
 GET /pattern-dots.svg 200 in 96ms
 GET / 200 in 49ms
 GET /pattern-dots.svg 200 in 28ms
 ✓ Compiled in 804ms (3827 modules)
 GET / 200 in 280ms
 GET /_next/static/webpack/fc6c8fcb1cdef3b3.webpack.hot-update.json 200 in 281ms
 ⚠ Fast Refresh had to perform a full reload. Read more: https://nextjs.org/docs/messages/fast-refresh-reload
 GET / 200 in 24ms
 GET / 200 in 67ms
 GET /pattern-dots.svg 200 in 56ms
 GET /pattern-dots.svg 200 in 16ms
 GET / 200 in 70ms
 GET /pattern-dots.svg 200 in 17ms
 ✓ Compiled in 933ms (3784 modules)
 GET / 200 in 170ms
 GET /_next/static/webpack/8da0250e57c4d99d.webpack.hot-update.json 200 in 174ms
 ⚠ Fast Refresh had to perform a full reload. Read more: https://nextjs.org/docs/messages/fast-refresh-reload
 GET / 200 in 27ms
 GET / 200 in 46ms
 GET /pattern-dots.svg 200 in 44ms
 GET /pattern-dots.svg 200 in 16ms
 ✓ Compiled in 446ms (3784 modules)
 GET / 200 in 99ms
 GET / 200 in 128ms
 GET /pattern-dots.svg 200 in 78ms
 GET /pattern-dots.svg 200 in 43ms
 ✓ Compiled in 909ms (3784 modules)
 GET / 200 in 110ms
 GET / 200 in 39ms
 GET /pattern-dots.svg 200 in 187ms
 GET /pattern-dots.svg 200 in 77ms
 ✓ Compiled in 696ms (3784 modules)
 GET / 200 in 93ms
 GET / 200 in 97ms
 GET /pattern-dots.svg 200 in 115ms
 GET /pattern-dots.svg 200 in 31ms
 ✓ Compiled in 734ms (3784 modules)
 GET / 200 in 95ms
 GET / 200 in 32ms
 GET /pattern-dots.svg 200 in 183ms
 GET /pattern-dots.svg 200 in 32ms
 GET / 200 in 37ms
 GET /pattern-dots.svg 200 in 17ms
<w> [webpack.cache.PackFileCacheStrategy] Caching failed for pack: Error: ENOENT: no such file or directory, rename '/Users/silin/Desktop/Final/.next/cache/webpack/server-development/0.pack.gz_' -> '/Users/silin/Desktop/Final/.next/cache/webpack/server-development/0.pack.gz'
 ✓ Compiled in 621ms (3784 modules)
 GET / 200 in 320ms
 GET / 200 in 95ms
 GET /_next/static/webpack/a8cc393184101448.webpack.hot-update.json 200 in 96ms
 ⚠ Fast Refresh had to perform a full reload. Read more: https://nextjs.org/docs/messages/fast-refresh-reload
 GET /pattern-dots.svg 200 in 64ms
 GET / 200 in 70ms
 GET /pattern-dots.svg 200 in 17ms
 ✓ Compiled in 450ms (3784 modules)
 GET / 200 in 150ms
 GET / 200 in 303ms
 GET /pattern-dots.svg 200 in 306ms
 GET /pattern-dots.svg 200 in 44ms
 ✓ Compiled in 766ms (3784 modules)
 GET / 200 in 55ms
 GET / 200 in 22ms
 GET /pattern-dots.svg 200 in 116ms
 GET /pattern-dots.svg 200 in 78ms
 GET /.well-known/appspecific/com.chrome.devtools.json 200 in 27ms
 ✓ Compiled in 684ms (3784 modules)
 GET / 200 in 172ms
 GET / 200 in 95ms
 GET /pattern-dots.svg 200 in 89ms
 GET /pattern-dots.svg 200 in 165ms
<w> [webpack.cache.PackFileCacheStrategy] Caching failed for pack: Error: ENOENT: no such file or directory, rename '/Users/silin/Desktop/Final/.next/cache/webpack/client-development/0.pack.gz_' -> '/Users/silin/Desktop/Final/.next/cache/webpack/client-development/0.pack.gz'
 ✓ Compiled in 723ms (3784 modules)
 GET / 200 in 47ms
 GET / 200 in 46ms
 GET /pattern-dots.svg 200 in 148ms
 GET /pattern-dots.svg 200 in 32ms
 ✓ Compiled in 552ms (3784 modules)
 GET / 200 in 331ms
 GET / 200 in 55ms
 GET /pattern-dots.svg 200 in 86ms
 GET / 200 in 41ms
 GET /pattern-dots.svg 200 in 17ms
<w> [webpack.cache.PackFileCacheStrategy] Caching failed for pack: Error: ENOENT: no such file or directory, rename '/Users/silin/Desktop/Final/.next/cache/webpack/server-development/0.pack.gz_' -> '/Users/silin/Desktop/Final/.next/cache/webpack/server-development/0.pack.gz'
<w> [webpack.cache.PackFileCacheStrategy] Caching failed for pack: Error: ENOENT: no such file or directory, rename '/Users/silin/Desktop/Final/.next/cache/webpack/client-development/0.pack.gz_' -> '/Users/silin/Desktop/Final/.next/cache/webpack/client-development/0.pack.gz'
 ✓ Compiled in 510ms (3784 modules)
 GET / 200 in 102ms
 GET / 200 in 90ms
 GET /_next/static/webpack/432bdd79dc9095a5.webpack.hot-update.json 200 in 95ms
 ⚠ Fast Refresh had to perform a full reload. Read more: https://nextjs.org/docs/messages/fast-refresh-reload
 GET /pattern-dots.svg 200 in 52ms
 GET / 200 in 59ms
 GET /pattern-dots.svg 200 in 16ms
 ✓ Compiled in 664ms (3784 modules)
 GET / 200 in 122ms
 GET / 200 in 129ms
 GET /pattern-dots.svg 200 in 97ms
 GET /pattern-dots.svg 200 in 52ms
 ✓ Compiled in 735ms (3784 modules)
 GET / 200 in 65ms
 GET / 200 in 80ms
 GET /pattern-dots.svg 200 in 214ms
 GET /pattern-dots.svg 200 in 60ms
 ✓ Compiled in 409ms (3784 modules)
 GET / 200 in 191ms
 GET / 200 in 39ms
 GET /pattern-dots.svg 200 in 157ms
 GET /pattern-dots.svg 200 in 30ms
<w> [webpack.cache.PackFileCacheStrategy] Caching failed for pack: Error: ENOENT: no such file or directory, rename '/Users/silin/Desktop/Final/.next/cache/webpack/client-development/0.pack.gz_' -> '/Users/silin/Desktop/Final/.next/cache/webpack/client-development/0.pack.gz'
 ✓ Compiled in 927ms (3784 modules)
 GET / 200 in 77ms
 GET / 200 in 43ms
 GET /pattern-dots.svg 200 in 103ms
 GET /pattern-dots.svg 200 in 104ms
 GET / 200 in 37ms
 GET /pattern-dots.svg 200 in 20ms
 ✓ Compiled in 756ms (3784 modules)
 GET / 200 in 420ms
 GET /_next/static/webpack/4e1052d28ab15f0f.webpack.hot-update.json 200 in 692ms
 ⚠ Fast Refresh had to perform a full reload. Read more: https://nextjs.org/docs/messages/fast-refresh-reload
 GET / 200 in 47ms
 GET /pattern-dots.svg 200 in 50ms
 GET / 200 in 47ms
 GET /pattern-dots.svg 200 in 20ms
 ✓ Compiled in 653ms (3784 modules)
 GET / 200 in 187ms
 GET /_next/static/webpack/bb5b42894409bab3.webpack.hot-update.json 200 in 87ms
 ⚠ Fast Refresh had to perform a full reload. Read more: https://nextjs.org/docs/messages/fast-refresh-reload
 GET / 200 in 87ms
 GET / 200 in 63ms
 GET /pattern-dots.svg 200 in 50ms
 GET /pattern-dots.svg 200 in 18ms
<w> [webpack.cache.PackFileCacheStrategy] Caching failed for pack: Error: ENOENT: no such file or directory, rename '/Users/silin/Desktop/Final/.next/cache/webpack/client-development/0.pack.gz_' -> '/Users/silin/Desktop/Final/.next/cache/webpack/client-development/0.pack.gz'
 GET / 200 in 43ms
 GET /pattern-dots.svg 200 in 18ms
 ✓ Compiled in 990ms (3784 modules)
 GET / 200 in 54ms
 GET /_next/static/webpack/1611e0e55313333e.webpack.hot-update.json 200 in 112ms
 ⚠ Fast Refresh had to perform a full reload. Read more: https://nextjs.org/docs/messages/fast-refresh-reload
 GET / 200 in 165ms
 GET / 200 in 62ms
 GET /pattern-dots.svg 200 in 16ms
 ✓ Compiled in 545ms (3784 modules)
 GET / 200 in 187ms
 GET /_next/static/webpack/1a186e4cfe3cfb84.webpack.hot-update.json 200 in 166ms
 ⚠ Fast Refresh had to perform a full reload. Read more: https://nextjs.org/docs/messages/fast-refresh-reload
 GET / 200 in 60ms
 GET /pattern-dots.svg 200 in 111ms
 GET / 200 in 110ms
 GET /pattern-dots.svg 200 in 22ms
<w> [webpack.cache.PackFileCacheStrategy] Caching failed for pack: Error: ENOENT: no such file or directory, rename '/Users/silin/Desktop/Final/.next/cache/webpack/client-development/0.pack.gz_' -> '/Users/silin/Desktop/Final/.next/cache/webpack/client-development/0.pack.gz'
 ✓ Compiled in 712ms (3784 modules)
 GET / 200 in 330ms
 GET /_next/static/webpack/fc3aeacb4babcf0f.webpack.hot-update.json 200 in 590ms
 ⚠ Fast Refresh had to perform a full reload. Read more: https://nextjs.org/docs/messages/fast-refresh-reload
 GET / 200 in 28ms
 GET /pattern-dots.svg 200 in 56ms
 GET / 200 in 69ms
 GET /pattern-dots.svg 200 in 20ms
 ✓ Compiled in 546ms (3784 modules)
 GET / 200 in 320ms
 GET /_next/static/webpack/b8888de21e1acd21.webpack.hot-update.json 200 in 293ms
 ⚠ Fast Refresh had to perform a full reload. Read more: https://nextjs.org/docs/messages/fast-refresh-reload
 GET /pattern-dots.svg 200 in 132ms
 GET / 200 in 139ms
 GET / 200 in 142ms
 GET /pattern-dots.svg 200 in 18ms
 ✓ Compiled in 384ms (3784 modules)
 GET / 200 in 80ms
 GET / 200 in 295ms
 GET /_next/static/webpack/97dd1766304cd587.webpack.hot-update.json 200 in 307ms
 GET /pattern-dots.svg 200 in 288ms
 ⚠ Fast Refresh had to perform a full reload. Read more: https://nextjs.org/docs/messages/fast-refresh-reload
 GET / 200 in 114ms
 GET /pattern-dots.svg 200 in 83ms
 ✓ Compiled in 818ms (3784 modules)
 GET / 200 in 168ms
 GET /_next/static/webpack/89283c72e9a4384f.webpack.hot-update.json 200 in 168ms
 ⚠ Fast Refresh had to perform a full reload. Read more: https://nextjs.org/docs/messages/fast-refresh-reload
 GET / 200 in 174ms
 GET / 200 in 218ms
 GET /pattern-dots.svg 200 in 20ms
 ✓ Compiled in 1280ms (3784 modules)
 GET / 200 in 119ms
 GET / 200 in 64ms
 GET /_next/static/webpack/ccb4615914e9132b.webpack.hot-update.json 200 in 111ms
 ⚠ Fast Refresh had to perform a full reload. Read more: https://nextjs.org/docs/messages/fast-refresh-reload
 GET /pattern-dots.svg 200 in 78ms
 GET / 200 in 36ms
 GET /pattern-dots.svg 200 in 17ms
<w> [webpack.cache.PackFileCacheStrategy] Caching failed for pack: Error: ENOENT: no such file or directory, rename '/Users/silin/Desktop/Final/.next/cache/webpack/client-development/0.pack.gz_' -> '/Users/silin/Desktop/Final/.next/cache/webpack/client-development/0.pack.gz'
 GET /pattern-dots.svg 200 in 28ms
 GET / 200 in 46ms
 GET /pattern-dots.svg 200 in 26ms
 GET / 200 in 44ms
 GET /pattern-dots.svg 200 in 23ms
 ✓ Compiled in 1189ms (3784 modules)
 GET / 200 in 141ms
 GET /_next/static/webpack/61db1dea71f6d6d9.webpack.hot-update.json 200 in 247ms
 ⚠ Fast Refresh had to perform a full reload. Read more: https://nextjs.org/docs/messages/fast-refresh-reload
 ✓ Compiled in 1244ms (3784 modules)
 GET / 200 in 1326ms
 GET / 200 in 1185ms
 GET / 200 in 22ms
 GET /pattern-dots.svg 200 in 20ms
 GET /pattern-dots.svg 200 in 20ms
 ✓ Compiled in 828ms (3784 modules)
 GET / 200 in 240ms
 GET /_next/static/webpack/c090de13aaac4d67.webpack.hot-update.json 200 in 645ms
 ⚠ Fast Refresh had to perform a full reload. Read more: https://nextjs.org/docs/messages/fast-refresh-reload
 GET / 200 in 78ms
 GET /pattern-dots.svg 200 in 94ms
 GET / 200 in 93ms
 GET /pattern-dots.svg 200 in 124ms
 ✓ Compiled in 993ms (3784 modules)
 GET / 200 in 282ms
 GET /_next/static/webpack/85ab32f6f81e8726.webpack.hot-update.json 200 in 513ms
 ⚠ Fast Refresh had to perform a full reload. Read more: https://nextjs.org/docs/messages/fast-refresh-reload
 GET / 200 in 26ms
 GET /pattern-dots.svg 200 in 67ms
 GET / 200 in 85ms
 GET /pattern-dots.svg 200 in 19ms
 ✓ Compiled in 618ms (3784 modules)
 GET / 200 in 400ms
 GET /_next/static/webpack/5f5ef4f6f4db9863.webpack.hot-update.json 200 in 659ms
 ⚠ Fast Refresh had to perform a full reload. Read more: https://nextjs.org/docs/messages/fast-refresh-reload
 GET / 200 in 86ms
 GET /pattern-dots.svg 200 in 64ms
 GET / 200 in 123ms
 GET /pattern-dots.svg 200 in 97ms
 GET /pattern-dots.svg 200 in 25ms
 ✓ Compiled in 779ms (3784 modules)
 GET / 200 in 138ms
 GET /_next/static/webpack/e64c2302160100bc.webpack.hot-update.json 200 in 138ms
 ⚠ Fast Refresh had to perform a full reload. Read more: https://nextjs.org/docs/messages/fast-refresh-reload
 GET / 200 in 19ms
 GET / 200 in 69ms
 GET /pattern-dots.svg 200 in 28ms
 ✓ Compiled in 844ms (3784 modules)
 GET / 200 in 160ms
 GET /_next/static/webpack/9628a30c2a8c2797.webpack.hot-update.json 200 in 172ms
 ⚠ Fast Refresh had to perform a full reload. Read more: https://nextjs.org/docs/messages/fast-refresh-reload
 GET / 200 in 55ms
 GET / 200 in 160ms
 GET /pattern-dots.svg 200 in 100ms
 GET /pattern-dots.svg 200 in 31ms
 ✓ Compiled in 885ms (3784 modules)
 GET / 200 in 109ms
 GET /_next/static/webpack/316882278f8a4665.webpack.hot-update.json 200 in 96ms
 ⚠ Fast Refresh had to perform a full reload. Read more: https://nextjs.org/docs/messages/fast-refresh-reload
 GET / 200 in 70ms
 GET /pattern-dots.svg 200 in 60ms
 GET / 200 in 45ms
 GET /pattern-dots.svg 200 in 19ms
 ✓ Compiled in 721ms (3784 modules)
 GET / 200 in 209ms
 GET /_next/static/webpack/c952ff678ca08894.webpack.hot-update.json 200 in 211ms
 ⚠ Fast Refresh had to perform a full reload. Read more: https://nextjs.org/docs/messages/fast-refresh-reload
 GET / 200 in 56ms
 GET /pattern-dots.svg 200 in 136ms
 GET / 200 in 134ms
<w> [webpack.cache.PackFileCacheStrategy] Caching failed for pack: Error: ENOENT: no such file or directory, rename '/Users/silin/Desktop/Final/.next/cache/webpack/client-development/1.pack.gz_' -> '/Users/silin/Desktop/Final/.next/cache/webpack/client-development/1.pack.gz'
 GET / 200 in 54ms
 GET /pattern-dots.svg 200 in 14ms
 ✓ Compiled in 1110ms (3784 modules)
 GET / 200 in 104ms
 GET /_next/static/webpack/d90eaf34df6392c4.webpack.hot-update.json 200 in 110ms
 ⚠ Fast Refresh had to perform a full reload. Read more: https://nextjs.org/docs/messages/fast-refresh-reload
 GET / 200 in 113ms
 GET / 200 in 185ms
 GET /pattern-dots.svg 200 in 125ms
 GET / 200 in 37ms
 GET /pattern-dots.svg 200 in 19ms
 ✓ Compiled in 958ms (3784 modules)
 GET / 200 in 362ms
 GET /_next/static/webpack/b69a0ccebb782a61.webpack.hot-update.json 200 in 764ms
 ⚠ Fast Refresh had to perform a full reload. Read more: https://nextjs.org/docs/messages/fast-refresh-reload
 GET / 200 in 31ms
 GET / 200 in 53ms
 GET /pattern-dots.svg 200 in 53ms
 GET /pattern-dots.svg 200 in 21ms
 ✓ Compiled in 786ms (3784 modules)
 GET / 200 in 103ms
 GET /_next/static/webpack/eda0f3c4452a9096.webpack.hot-update.json 200 in 88ms
 ⚠ Fast Refresh had to perform a full reload. Read more: https://nextjs.org/docs/messages/fast-refresh-reload
 GET / 200 in 21ms
 GET / 200 in 28ms
 GET /pattern-dots.svg 200 in 52ms
 GET /pattern-dots.svg 200 in 17ms
 ✓ Compiled in 1004ms (3784 modules)
 GET / 200 in 127ms
 GET /_next/static/webpack/45df8b1d1bff0ee3.webpack.hot-update.json 200 in 136ms
 ⚠ Fast Refresh had to perform a full reload. Read more: https://nextjs.org/docs/messages/fast-refresh-reload
 GET / 200 in 28ms
 GET / 200 in 108ms
 GET /pattern-dots.svg 200 in 101ms
 GET /pattern-dots.svg 200 in 16ms
 ✓ Compiled in 365ms (3784 modules)
 GET / 200 in 45ms
 GET / 200 in 231ms
 GET /pattern-dots.svg 200 in 224ms
 GET /_next/static/webpack/42d9d2522a303f32.webpack.hot-update.json 200 in 264ms
 ⚠ Fast Refresh had to perform a full reload. Read more: https://nextjs.org/docs/messages/fast-refresh-reload
 GET / 200 in 77ms
 GET /pattern-dots.svg 200 in 18ms
 ✓ Compiled in 721ms (3784 modules)
 GET / 200 in 153ms
 GET / 200 in 87ms
 GET /_next/static/webpack/87eb2430d9d664ca.webpack.hot-update.json 200 in 89ms
 ⚠ Fast Refresh had to perform a full reload. Read more: https://nextjs.org/docs/messages/fast-refresh-reload
 GET /pattern-dots.svg 200 in 64ms
 GET / 200 in 39ms
 GET /pattern-dots.svg 200 in 22ms
 ✓ Compiled in 1117ms (3784 modules)
 GET / 200 in 227ms
 GET /_next/static/webpack/dc420c1f12e5255d.webpack.hot-update.json 200 in 392ms
 ⚠ Fast Refresh had to perform a full reload. Read more: https://nextjs.org/docs/messages/fast-refresh-reload
 GET / 200 in 25ms
 GET /pattern-dots.svg 200 in 63ms
 GET / 200 in 65ms
 GET /pattern-dots.svg 200 in 18ms
 ✓ Compiled in 722ms (3784 modules)
 GET / 200 in 320ms
 GET /_next/static/webpack/a5549d33d2ba4387.webpack.hot-update.json 200 in 326ms
 ⚠ Fast Refresh had to perform a full reload. Read more: https://nextjs.org/docs/messages/fast-refresh-reload
 GET / 200 in 76ms
 GET / 200 in 84ms
 GET /pattern-dots.svg 200 in 140ms
 GET /pattern-dots.svg 200 in 22ms
 ✓ Compiled in 680ms (3784 modules)
 GET / 200 in 96ms
 GET / 200 in 78ms
 GET /_next/static/webpack/a8a005d045d6a822.webpack.hot-update.json 200 in 80ms
 ⚠ Fast Refresh had to perform a full reload. Read more: https://nextjs.org/docs/messages/fast-refresh-reload
 GET /pattern-dots.svg 200 in 89ms
 GET / 200 in 98ms
 GET /pattern-dots.svg 200 in 18ms
 ✓ Compiled in 703ms (3784 modules)
 GET / 200 in 86ms
 GET / 200 in 104ms
 GET /_next/static/webpack/5da8307417b81238.webpack.hot-update.json 200 in 119ms
 ⚠ Fast Refresh had to perform a full reload. Read more: https://nextjs.org/docs/messages/fast-refresh-reload
 GET /pattern-dots.svg 200 in 161ms
 GET / 200 in 139ms
 GET /pattern-dots.svg 200 in 15ms
 ✓ Compiled in 636ms (3784 modules)
 GET / 200 in 95ms
 GET /_next/static/webpack/f58fcd47d17e0bec.webpack.hot-update.json 200 in 91ms
 ⚠ Fast Refresh had to perform a full reload. Read more: https://nextjs.org/docs/messages/fast-refresh-reload
 GET / 200 in 18ms
 GET / 200 in 32ms
 GET /pattern-dots.svg 200 in 54ms
 ✓ Compiled in 542ms (3784 modules)
 GET / 200 in 72ms
 GET / 200 in 12ms
 GET /pattern-dots.svg 200 in 66ms
 GET /pattern-dots.svg 200 in 36ms
 ✓ Compiled in 478ms (3784 modules)
 GET / 200 in 78ms
 GET / 200 in 20ms
 GET /pattern-dots.svg 200 in 58ms
 GET /pattern-dots.svg 200 in 49ms
 ✓ Compiled in 298ms (3784 modules)
 GET / 200 in 29ms
 GET / 200 in 39ms
 GET /pattern-dots.svg 200 in 39ms
 GET /pattern-dots.svg 200 in 30ms
 GET /pattern-dots.svg 200 in 31ms
 ✓ Compiled in 713ms (3784 modules)
 GET / 200 in 35ms
 GET / 200 in 45ms
 GET /pattern-dots.svg 200 in 47ms
 ✓ Compiled in 504ms (3784 modules)
 GET / 200 in 30ms
 GET / 200 in 16ms
 GET /pattern-dots.svg 200 in 64ms
 GET /pattern-dots.svg 200 in 56ms
 ✓ Compiled in 335ms (3784 modules)
 GET / 200 in 67ms
 GET / 200 in 23ms
 GET /pattern-dots.svg 200 in 272ms
 GET /pattern-dots.svg 200 in 45ms
 ✓ Compiled in 448ms (3784 modules)
 GET / 200 in 135ms
 GET / 200 in 12ms
 GET /pattern-dots.svg 200 in 35ms
 GET /pattern-dots.svg 200 in 20ms
 GET /pattern-dots.svg 200 in 19ms
 ✓ Compiled in 327ms (3784 modules)
 GET / 200 in 38ms
 GET / 200 in 18ms
 ✓ Compiled in 401ms (3784 modules)
 GET /pattern-dots.svg 200 in 131ms
 GET / 200 in 102ms
 GET / 200 in 18ms
 GET /pattern-dots.svg 200 in 39ms
 GET /pattern-dots.svg 200 in 42ms
 ✓ Compiled in 509ms (3784 modules)
 GET / 200 in 27ms
 GET / 200 in 14ms
 GET /pattern-dots.svg 200 in 24ms
 GET /pattern-dots.svg 200 in 47ms
 ✓ Compiled in 608ms (3784 modules)
 GET / 200 in 104ms
 GET / 200 in 13ms
 GET /pattern-dots.svg 200 in 48ms
 GET /pattern-dots.svg 200 in 47ms
 ✓ Compiled in 465ms (3784 modules)
 GET / 200 in 82ms
 GET / 200 in 17ms
 GET /pattern-dots.svg 200 in 64ms
 GET /pattern-dots.svg 200 in 44ms
 ✓ Compiled in 708ms (3784 modules)
 GET / 200 in 52ms
 GET / 200 in 20ms
 GET /pattern-dots.svg 200 in 54ms
 GET /pattern-dots.svg 200 in 26ms
 GET /pattern-dots.svg 200 in 28ms
 ✓ Compiled in 528ms (3784 modules)
 GET / 200 in 53ms
 GET / 200 in 13ms
 GET /pattern-dots.svg 200 in 66ms
 ✓ Compiled in 308ms (3784 modules)
 GET / 200 in 25ms
 GET / 200 in 19ms
 GET /pattern-dots.svg 200 in 45ms
 GET /pattern-dots.svg 200 in 74ms
 ✓ Compiled in 525ms (3784 modules)
 GET / 200 in 29ms
 GET / 200 in 8ms
 GET /pattern-dots.svg 200 in 31ms
 GET /pattern-dots.svg 200 in 27ms
 ✓ Compiled in 390ms (3784 modules)
 GET / 200 in 46ms
 GET / 200 in 31ms
 GET /pattern-dots.svg 200 in 26ms
 GET /pattern-dots.svg 200 in 18ms
<w> [webpack.cache.PackFileCacheStrategy] Caching failed for pack: Error: ENOENT: no such file or directory, rename '/Users/silin/Desktop/Final/.next/cache/webpack/client-development/0.pack.gz_' -> '/Users/silin/Desktop/Final/.next/cache/webpack/client-development/0.pack.gz'
 ✓ Compiled in 582ms (3784 modules)
 GET / 200 in 44ms
 GET / 200 in 13ms
 GET /pattern-dots.svg 200 in 33ms
 GET /pattern-dots.svg 200 in 38ms
 GET /pattern-dots.svg 200 in 40ms
 GET / 200 in 36ms
 GET /pattern-dots.svg 200 in 20ms
 ✓ Compiled in 420ms (3784 modules)
 GET / 200 in 200ms
 GET /_next/static/webpack/19e59c2e3606cfbe.webpack.hot-update.json 200 in 398ms
 ⚠ Fast Refresh had to perform a full reload. Read more: https://nextjs.org/docs/messages/fast-refresh-reload
 GET / 200 in 25ms
 GET / 200 in 39ms
 GET /pattern-dots.svg 200 in 18ms
 GET / 200 in 37ms
 GET /pattern-dots.svg 200 in 19ms
 ✓ Compiled in 697ms (3792 modules)
 GET /pattern-dots.svg 200 in 235ms
 GET / 200 in 207ms
 GET /_next/static/webpack/ec4721680b847754.webpack.hot-update.json 200 in 340ms
 ⚠ Fast Refresh had to perform a full reload. Read more: https://nextjs.org/docs/messages/fast-refresh-reload
 GET / 200 in 24ms
 GET / 200 in 96ms
 GET /pattern-dots.svg 200 in 17ms
 ✓ Compiled in 366ms (3792 modules)
 GET / 200 in 32ms
 GET / 200 in 18ms
 GET /pattern-dots.svg 200 in 59ms
 GET /_next/static/webpack/d24a03ec0b4c5c66.webpack.hot-update.json 200 in 59ms
 ⚠ Fast Refresh had to perform a full reload. Read more: https://nextjs.org/docs/messages/fast-refresh-reload
 GET / 200 in 23ms
 GET /pattern-dots.svg 200 in 35ms
 GET /pattern-dots.svg 200 in 21ms
 GET / 200 in 28ms
 GET /pattern-dots.svg 200 in 17ms
<w> [webpack.cache.PackFileCacheStrategy] Caching failed for pack: Error: ENOENT: no such file or directory, rename '/Users/silin/Desktop/Final/.next/cache/webpack/server-development/0.pack.gz_' -> '/Users/silin/Desktop/Final/.next/cache/webpack/server-development/0.pack.gz'
 ✓ Compiled in 730ms (3792 modules)
 GET / 200 in 77ms
 GET / 200 in 75ms
 GET /pattern-dots.svg 200 in 142ms
 GET /pattern-dots.svg 200 in 56ms
 ✓ Compiled in 363ms (3792 modules)
 GET / 200 in 71ms
 GET / 200 in 48ms
 GET /pattern-dots.svg 200 in 91ms
 GET / 200 in 43ms
 GET /pattern-dots.svg 200 in 16ms
 GET / 200 in 36ms
 GET /pattern-dots.svg 200 in 21ms
<w> [webpack.cache.PackFileCacheStrategy] Caching failed for pack: Error: ENOENT: no such file or directory, rename '/Users/silin/Desktop/Final/.next/cache/webpack/server-development/1.pack.gz_' -> '/Users/silin/Desktop/Final/.next/cache/webpack/server-development/1.pack.gz'
<w> [webpack.cache.PackFileCacheStrategy] Caching failed for pack: Error: ENOENT: no such file or directory, rename '/Users/silin/Desktop/Final/.next/cache/webpack/client-development/0.pack.gz_' -> '/Users/silin/Desktop/Final/.next/cache/webpack/client-development/0.pack.gz'
 ✓ Compiled in 590ms (3792 modules)
 GET / 200 in 63ms
 GET / 200 in 24ms
 GET /pattern-dots.svg 200 in 259ms
 GET /pattern-dots.svg 200 in 41ms
 GET / 200 in 38ms
 GET /pattern-dots.svg 200 in 16ms
 ✓ Compiled in 465ms (3792 modules)
 GET / 200 in 66ms
 GET / 200 in 218ms
 GET /pattern-dots.svg 200 in 234ms
 GET /_next/static/webpack/f9ee9f4a8dff068d.webpack.hot-update.json 200 in 234ms
 ⚠ Fast Refresh had to perform a full reload. Read more: https://nextjs.org/docs/messages/fast-refresh-reload
 GET / 200 in 26ms
 GET /pattern-dots.svg 200 in 17ms
<w> [webpack.cache.PackFileCacheStrategy] Caching failed for pack: Error: ENOENT: no such file or directory, rename '/Users/silin/Desktop/Final/.next/cache/webpack/client-development/0.pack.gz_' -> '/Users/silin/Desktop/Final/.next/cache/webpack/client-development/0.pack.gz'
 GET / 200 in 63ms
 GET /pattern-dots.svg 200 in 20ms
 ✓ Compiled /_not-found in 336ms (3782 modules)
 ⨯ [Error: ENOENT: no such file or directory, open '/Users/silin/Desktop/Final/.next/server/app/[[...slug]]/page.js'] {
  errno: -2,
  code: 'ENOENT',
  syscall: 'open',
  path: '/Users/silin/Desktop/Final/.next/server/app/[[...slug]]/page.js',
  page: '/_next/static/webpack/f9ee9f4a8dff068d.webpack.hot-update.json'
}
 GET / 404 in 478ms
 ⨯ [Error: ENOENT: no such file or directory, open '/Users/silin/Desktop/Final/.next/server/app/[[...slug]]/page.js'] {
  errno: -2,
  code: 'ENOENT',
  syscall: 'open',
  path: '/Users/silin/Desktop/Final/.next/server/app/[[...slug]]/page.js',
  page: '/_next/static/css/app/layout.css'
}
 ⨯ [Error: ENOENT: no such file or directory, open '/Users/silin/Desktop/Final/.next/server/app/[[...slug]]/page.js'] {
  errno: -2,
  code: 'ENOENT',
  syscall: 'open',
  path: '/Users/silin/Desktop/Final/.next/server/app/[[...slug]]/page.js',
  page: '/_next/static/chunks/main-app.js'
}
 ⨯ [Error: ENOENT: no such file or directory, open '/Users/silin/Desktop/Final/.next/server/app/[[...slug]]/page.js'] {
  errno: -2,
  code: 'ENOENT',
  syscall: 'open',
  path: '/Users/silin/Desktop/Final/.next/server/app/[[...slug]]/page.js',
  page: '/_next/static/chunks/app-pages-internals.js'
}
 ✓ Compiled /_error in 227ms (3825 modules)
 ⨯ [Error: ENOENT: no such file or directory, open '/Users/silin/Desktop/Final/.next/server/pages/_document.js'] {
  errno: -2,
  code: 'ENOENT',
  syscall: 'open',
  path: '/Users/silin/Desktop/Final/.next/server/pages/_document.js'
}
 ⨯ [Error: ENOENT: no such file or directory, open '/Users/silin/Desktop/Final/.next/server/pages/_document.js'] {
  errno: -2,
  code: 'ENOENT',
  syscall: 'open',
  path: '/Users/silin/Desktop/Final/.next/server/pages/_document.js'
}
 ⨯ [Error: ENOENT: no such file or directory, open '/Users/silin/Desktop/Final/.next/server/pages/_document.js'] {
  errno: -2,
  code: 'ENOENT',
  syscall: 'open',
  path: '/Users/silin/Desktop/Final/.next/server/pages/_document.js'
}
 ⨯ [Error: ENOENT: no such file or directory, open '/Users/silin/Desktop/Final/.next/server/pages/_document.js'] {
  errno: -2,
  code: 'ENOENT',
  syscall: 'open',
  path: '/Users/silin/Desktop/Final/.next/server/pages/_document.js'
}
 GET /_next/static/chunks/main-app.js?v=1747079436466 500 in 1419ms
 GET /_next/static/webpack/f9ee9f4a8dff068d.webpack.hot-update.json 500 in 1669ms
 GET /_next/static/css/app/layout.css?v=1747079436466 500 in 1438ms
 GET /_next/static/chunks/app-pages-internals.js 500 in 1437ms
 ⚠ Fast Refresh had to perform a full reload. Read more: https://nextjs.org/docs/messages/fast-refresh-reload
 ⨯ [Error: ENOENT: no such file or directory, open '/Users/silin/Desktop/Final/.next/server/app/[[...slug]]/page.js'] {
  errno: -2,
  code: 'ENOENT',
  syscall: 'open',
  path: '/Users/silin/Desktop/Final/.next/server/app/[[...slug]]/page.js',
  page: '/'
}
 ⨯ [Error: ENOENT: no such file or directory, open '/Users/silin/Desktop/Final/.next/server/pages/_document.js'] {
  errno: -2,
  code: 'ENOENT',
  syscall: 'open',
  path: '/Users/silin/Desktop/Final/.next/server/pages/_document.js'
}
 GET / 500 in 37ms
 ⨯ [Error: ENOENT: no such file or directory, open '/Users/silin/Desktop/Final/.next/server/app/[[...slug]]/page.js'] {
  errno: -2,
  code: 'ENOENT',
  syscall: 'open',
  path: '/Users/silin/Desktop/Final/.next/server/app/[[...slug]]/page.js',
  page: '/'
}
 ⨯ [Error: ENOENT: no such file or directory, open '/Users/silin/Desktop/Final/.next/server/pages/_document.js'] {
  errno: -2,
  code: 'ENOENT',
  syscall: 'open',
  path: '/Users/silin/Desktop/Final/.next/server/pages/_document.js'
}
 GET / 500 in 62ms
 ⨯ [Error: ENOENT: no such file or directory, open '/Users/silin/Desktop/Final/.next/server/app/[[...slug]]/page.js'] {
  errno: -2,
  code: 'ENOENT',
  syscall: 'open',
  path: '/Users/silin/Desktop/Final/.next/server/app/[[...slug]]/page.js',
  page: '/apple-touch-icon-precomposed.png'
}
 ⨯ [Error: ENOENT: no such file or directory, open '/Users/silin/Desktop/Final/.next/server/pages/_document.js'] {
  errno: -2,
  code: 'ENOENT',
  syscall: 'open',
  path: '/Users/silin/Desktop/Final/.next/server/pages/_document.js'
}
 GET /apple-touch-icon-precomposed.png 500 in 29ms
 ⨯ [Error: ENOENT: no such file or directory, open '/Users/silin/Desktop/Final/.next/server/app/[[...slug]]/page.js'] {
  errno: -2,
  code: 'ENOENT',
  syscall: 'open',
  path: '/Users/silin/Desktop/Final/.next/server/app/[[...slug]]/page.js',
  page: '/apple-touch-icon.png'
}
 ⨯ [Error: ENOENT: no such file or directory, open '/Users/silin/Desktop/Final/.next/server/pages/_document.js'] {
  errno: -2,
  code: 'ENOENT',
  syscall: 'open',
  path: '/Users/silin/Desktop/Final/.next/server/pages/_document.js'
}
 GET /apple-touch-icon.png 500 in 22ms
 ⨯ [Error: ENOENT: no such file or directory, open '/Users/silin/Desktop/Final/.next/server/app/[[...slug]]/page.js'] {
  errno: -2,
  code: 'ENOENT',
  syscall: 'open',
  path: '/Users/silin/Desktop/Final/.next/server/app/[[...slug]]/page.js',
  page: '/'
}
 ⨯ [Error: ENOENT: no such file or directory, open '/Users/silin/Desktop/Final/.next/server/pages/_document.js'] {
  errno: -2,
  code: 'ENOENT',
  syscall: 'open',
  path: '/Users/silin/Desktop/Final/.next/server/pages/_document.js'
}
 GET / 500 in 23ms
 ⨯ [Error: ENOENT: no such file or directory, open '/Users/silin/Desktop/Final/.next/server/app/[[...slug]]/page.js'] {
  errno: -2,
  code: 'ENOENT',
  syscall: 'open',
  path: '/Users/silin/Desktop/Final/.next/server/app/[[...slug]]/page.js',
  page: '/apple-touch-icon-precomposed.png'
}
 ⨯ [Error: ENOENT: no such file or directory, open '/Users/silin/Desktop/Final/.next/server/pages/_document.js'] {
  errno: -2,
  code: 'ENOENT',
  syscall: 'open',
  path: '/Users/silin/Desktop/Final/.next/server/pages/_document.js'
}
 GET /apple-touch-icon-precomposed.png 500 in 21ms
 ⨯ [Error: ENOENT: no such file or directory, open '/Users/silin/Desktop/Final/.next/server/app/[[...slug]]/page.js'] {
  errno: -2,
  code: 'ENOENT',
  syscall: 'open',
  path: '/Users/silin/Desktop/Final/.next/server/app/[[...slug]]/page.js',
  page: '/apple-touch-icon.png'
}
 ⨯ [Error: ENOENT: no such file or directory, open '/Users/silin/Desktop/Final/.next/server/pages/_document.js'] {
  errno: -2,
  code: 'ENOENT',
  syscall: 'open',
  path: '/Users/silin/Desktop/Final/.next/server/pages/_document.js'
}
 GET /apple-touch-icon.png 500 in 20ms
 ✓ Compiled in 961ms (3839 modules)
 ⨯ [Error: ENOENT: no such file or directory, open '/Users/silin/Desktop/Final/.next/server/app/[[...slug]]/page.js'] {
  errno: -2,
  code: 'ENOENT',
  syscall: 'open',
  path: '/Users/silin/Desktop/Final/.next/server/app/[[...slug]]/page.js',
  page: '/_next/static/webpack/278b409e927efc4b.webpack.hot-update.json'
}
 ⨯ [Error: ENOENT: no such file or directory, open '/Users/silin/Desktop/Final/.next/server/pages/_document.js'] {
  errno: -2,
  code: 'ENOENT',
  syscall: 'open',
  path: '/Users/silin/Desktop/Final/.next/server/pages/_document.js'
}
 GET /_next/static/webpack/278b409e927efc4b.webpack.hot-update.json 500 in 502ms
 ⚠ Fast Refresh had to perform a full reload. Read more: https://nextjs.org/docs/messages/fast-refresh-reload
 ⨯ [Error: ENOENT: no such file or directory, open '/Users/silin/Desktop/Final/.next/server/app/[[...slug]]/page.js'] {
  errno: -2,
  code: 'ENOENT',
  syscall: 'open',
  path: '/Users/silin/Desktop/Final/.next/server/app/[[...slug]]/page.js',
  page: '/'
}
 ⨯ [Error: ENOENT: no such file or directory, open '/Users/silin/Desktop/Final/.next/server/pages/_document.js'] {
  errno: -2,
  code: 'ENOENT',
  syscall: 'open',
  path: '/Users/silin/Desktop/Final/.next/server/pages/_document.js'
}
 GET / 500 in 54ms
<w> [webpack.cache.PackFileCacheStrategy] Caching failed for pack: Error: ENOENT: no such file or directory, rename '/Users/silin/Desktop/Final/.next/cache/webpack/server-development/1.pack.gz_' -> '/Users/silin/Desktop/Final/.next/cache/webpack/server-development/1.pack.gz'
 ✓ Compiled in 412ms (3835 modules)
 ⨯ [Error: ENOENT: no such file or directory, open '/Users/silin/Desktop/Final/.next/server/app/[[...slug]]/page.js'] {
  errno: -2,
  code: 'ENOENT',
  syscall: 'open',
  path: '/Users/silin/Desktop/Final/.next/server/app/[[...slug]]/page.js',
  page: '/_next/static/webpack/278b409e927efc4b.webpack.hot-update.json'
}
 ⨯ [Error: ENOENT: no such file or directory, open '/Users/silin/Desktop/Final/.next/server/pages/_document.js'] {
  errno: -2,
  code: 'ENOENT',
  syscall: 'open',
  path: '/Users/silin/Desktop/Final/.next/server/pages/_document.js'
}
 GET /_next/static/webpack/278b409e927efc4b.webpack.hot-update.json 500 in 377ms
 ⚠ Fast Refresh had to perform a full reload. Read more: https://nextjs.org/docs/messages/fast-refresh-reload
 ⨯ [Error: ENOENT: no such file or directory, open '/Users/silin/Desktop/Final/.next/server/app/[[...slug]]/page.js'] {
  errno: -2,
  code: 'ENOENT',
  syscall: 'open',
  path: '/Users/silin/Desktop/Final/.next/server/app/[[...slug]]/page.js',
  page: '/'
}
 ⨯ [Error: ENOENT: no such file or directory, open '/Users/silin/Desktop/Final/.next/server/pages/_document.js'] {
  errno: -2,
  code: 'ENOENT',
  syscall: 'open',
  path: '/Users/silin/Desktop/Final/.next/server/pages/_document.js'
}
 GET / 500 in 24ms
[?25h
